<?xml version="1.0" encoding="UTF-8"?>
<!-- Generated by org.testng.reporters.JUnitReportReporter -->
<testsuite skipped="0" hostname="DESKTOP-M3E2BR1" name="automation.SAL54AdministratorCertifications" tests="1" failures="0" timestamp="2021-03-13T21:35:08 IST" time="20.349" errors="0">
  <testcase name="administratorCertifications" time="20.349" classname="automation.SAL54AdministratorCertifications"/>
  <system-out/>
</testsuite> <!-- automation.SAL54AdministratorCertifications -->
