<?xml version="1.0" encoding="UTF-8"?>
<!-- Generated by org.testng.reporters.JUnitReportReporter -->
<testsuite skipped="0" hostname="DESKTOP-M3E2BR1" name="sal63.SAL65" tests="1" failures="0" timestamp="2021-04-11T21:29:56 IST" time="8.288" errors="0">
  <testcase name="editServices" time="8.288" classname="sal63.SAL65"/>
  <system-out/>
</testsuite> <!-- sal63.SAL65 -->
