<?xml version="1.0" encoding="UTF-8"?>
<!-- Generated by org.testng.reporters.JUnitReportReporter -->
<testsuite skipped="0" hostname="DESKTOP-M3E2BR1" name="sal52_automation.SAL59DwldPDF" tests="1" failures="0" timestamp="2021-04-04T21:21:44 IST" time="29.845" errors="0">
  <testcase name="downloadPDF" time="29.845" classname="sal52_automation.SAL59DwldPDF"/>
  <system-out/>
</testsuite> <!-- sal52_automation.SAL59DwldPDF -->
