<?xml version="1.0" encoding="UTF-8"?>
<!-- Generated by org.testng.reporters.JUnitReportReporter -->
<testsuite skipped="0" hostname="DESKTOP-M3E2BR1" name="automation.SAL53CustomerServiceOptions" tests="1" failures="0" timestamp="2021-03-14T07:38:24 IST" time="9.933" errors="0">
  <testcase name="CustomerServiceOptions" time="9.933" classname="automation.SAL53CustomerServiceOptions"/>
  <system-out/>
</testsuite> <!-- automation.SAL53CustomerServiceOptions -->
