<?xml version="1.0" encoding="UTF-8"?>
<!-- Generated by org.testng.reporters.JUnitReportReporter -->
<testsuite skipped="0" hostname="DESKTOP-M3E2BR1" name="sal52_automation.SAL57VerifyiAppStore" tests="1" failures="0" timestamp="2021-04-04T10:35:29 IST" time="14.620" errors="0">
  <testcase name="verifyiApp" time="14.620" classname="sal52_automation.SAL57VerifyiAppStore"/>
  <system-out/>
</testsuite> <!-- sal52_automation.SAL57VerifyiAppStore -->
