<?xml version="1.0" encoding="UTF-8"?>
<!-- Generated by org.testng.reporters.JUnitReportReporter -->
<testsuite skipped="0" hostname="DESKTOP-M3E2BR1" name="opportunities.SAL6SortOppurtunities" tests="1" failures="0" timestamp="2021-03-13T18:18:46 IST" time="83.352" errors="0">
  <testcase name="sortOpputunities" time="83.352" classname="opportunities.SAL6SortOppurtunities"/>
  <system-out/>
</testsuite> <!-- opportunities.SAL6SortOppurtunities -->
