<?xml version="1.0" encoding="UTF-8"?>
<!-- Generated by org.testng.reporters.JUnitReportReporter -->
<testsuite skipped="0" hostname="DESKTOP-M3E2BR1" name="cutomerServices.SAL102AdministratorCertifications" tests="1" failures="0" timestamp="2021-03-27T11:09:25 IST" time="27.629" errors="0">
  <testcase name="AdministratorCertifications" time="27.629" classname="cutomerServices.SAL102AdministratorCertifications"/>
  <system-out/>
</testsuite> <!-- cutomerServices.SAL102AdministratorCertifications -->
