<?xml version="1.0" encoding="UTF-8"?>
<!-- Generated by org.testng.reporters.JUnitReportReporter -->
<testsuite skipped="0" hostname="DESKTOP-M3E2BR1" name="opportunities.SAL5CreateOpput" tests="1" failures="0" timestamp="2021-03-13T11:58:59 IST" time="10.566" errors="0">
  <testcase name="createOpp" time="10.566" classname="opportunities.SAL5CreateOpput"/>
  <system-out/>
</testsuite> <!-- opportunities.SAL5CreateOpput -->
