<?xml version="1.0" encoding="UTF-8"?>
<!-- Generated by org.testng.reporters.JUnitReportReporter -->
<testsuite skipped="0" hostname="DESKTOP-M3E2BR1" name="week1.day2.SAL4DeleteOppurtunity" tests="1" failures="0" timestamp="2021-03-07T22:10:36 IST" time="13.607" errors="0">
  <testcase name="deleteOppurtunity" time="13.607" classname="week1.day2.SAL4DeleteOppurtunity"/>
  <system-out/>
</testsuite> <!-- week1.day2.SAL4DeleteOppurtunity -->
