<?xml version="1.0" encoding="UTF-8"?>
<!-- Generated by org.testng.reporters.JUnitReportReporter -->
<testsuite skipped="0" hostname="DESKTOP-M3E2BR1" name="dashboard.SAL22SortDashborad" tests="1" failures="0" timestamp="2021-03-28T17:16:34 IST" time="20.520" errors="0">
  <testcase name="sortDashB" time="20.520" classname="dashboard.SAL22SortDashborad"/>
  <system-out/>
</testsuite> <!-- dashboard.SAL22SortDashborad -->
