<?xml version="1.0" encoding="UTF-8"?>
<!-- Generated by org.testng.reporters.JUnitReportReporter -->
<testsuite skipped="0" hostname="DESKTOP-M3E2BR1" name="dashboard.SAL23VerifyDashboard" tests="1" failures="0" timestamp="2021-03-30T06:02:13 IST" time="25.960" errors="0">
  <testcase name="verifyDashB" time="25.960" classname="dashboard.SAL23VerifyDashboard"/>
  <system-out/>
</testsuite> <!-- dashboard.SAL23VerifyDashboard -->
