<?xml version="1.0" encoding="UTF-8"?>
<!-- Generated by org.testng.reporters.JUnitReportReporter -->
<testsuite skipped="0" hostname="DESKTOP-M3E2BR1" name="automation.SAL61NonProfitCertifications" tests="1" failures="0" timestamp="2021-03-17T05:32:45 IST" time="14.826" errors="0">
  <testcase name="NonProfitCertification" time="14.826" classname="automation.SAL61NonProfitCertifications"/>
  <system-out/>
</testsuite> <!-- automation.SAL61NonProfitCertifications -->
