<?xml version="1.0" encoding="UTF-8"?>
<!-- Generated by org.testng.reporters.JUnitReportReporter -->
<testsuite skipped="0" hostname="DESKTOP-M3E2BR1" name="serviceResources.SAL112CreateServiceResources" tests="1" failures="0" timestamp="2021-03-20T12:27:48 IST" time="17.685" errors="0">
  <testcase name="createResources" time="17.685" classname="serviceResources.SAL112CreateServiceResources"/>
  <system-out/>
</testsuite> <!-- serviceResources.SAL112CreateServiceResources -->
