<?xml version="1.0" encoding="UTF-8"?>
<!-- Generated by org.testng.reporters.JUnitReportReporter -->
<testsuite skipped="0" hostname="DESKTOP-M3E2BR1" name="testNGAttributes.ArchiteCerti" tests="1" failures="0" timestamp="2021-03-23T22:47:33 IST" time="31.078" errors="0">
  <testcase name="architectCertifications" time="31.078" classname="testNGAttributes.ArchiteCerti"/>
  <system-out/>
</testsuite> <!-- testNGAttributes.ArchiteCerti -->
