<?xml version="1.0" encoding="UTF-8"?>
<!-- Generated by org.testng.reporters.JUnitReportReporter -->
<testsuite skipped="0" hostname="DESKTOP-M3E2BR1" name="dustbin.LearningTryCatch" tests="1" failures="0" timestamp="2021-03-31T05:31:31 IST" time="48.309" errors="0">
  <testcase name="learnTryandCatch" time="48.309" classname="dustbin.LearningTryCatch"/>
  <system-out/>
</testsuite> <!-- dustbin.LearningTryCatch -->
