<?xml version="1.0" encoding="UTF-8"?>
<!-- Generated by org.testng.reporters.JUnitReportReporter -->
<testsuite skipped="0" hostname="DESKTOP-M3E2BR1" name="opportunities.SAL3EditOppurtinities" tests="1" failures="0" timestamp="2021-03-21T10:13:01 IST" time="24.323" errors="0">
  <testcase name="editOppurtunities" time="24.323" classname="opportunities.SAL3EditOppurtinities"/>
  <system-out/>
</testsuite> <!-- opportunities.SAL3EditOppurtinities -->
