<?xml version="1.0" encoding="UTF-8"?>
<!-- Generated by org.testng.reporters.JUnitReportReporter -->
<testsuite skipped="0" hostname="DESKTOP-M3E2BR1" name="opportunities.ClikOpp" tests="1" failures="0" timestamp="2021-03-13T12:51:52 IST" time="0.005" errors="0">
  <testcase name="clickopp" time="0.005" classname="opportunities.ClikOpp"/>
  <system-out/>
</testsuite> <!-- opportunities.ClikOpp -->
