<?xml version="1.0" encoding="UTF-8"?>
<!-- Generated by org.testng.reporters.JUnitReportReporter -->
<testsuite skipped="0" hostname="DESKTOP-M3E2BR1" name="automation.SAL53CustomerServiceOptions" tests="1" failures="0" timestamp="2021-03-23T22:04:03 IST" time="16.673" errors="0">
  <testcase name="CustomerServiceOptions" time="16.673" classname="automation.SAL53CustomerServiceOptions"/>
  <system-out/>
</testsuite> <!-- automation.SAL53CustomerServiceOptions -->
