<?xml version="1.0" encoding="UTF-8"?>
<!-- Generated by org.testng.reporters.JUnitReportReporter -->
<testsuite skipped="0" hostname="DESKTOP-M3E2BR1" name="week1.day2.SAL3EditOppurtinities" tests="1" failures="0" timestamp="2021-03-07T21:55:26 IST" time="16.653" errors="0">
  <testcase name="editOppurtunities" time="16.653" classname="week1.day2.SAL3EditOppurtinities"/>
  <system-out/>
</testsuite> <!-- week1.day2.SAL3EditOppurtinities -->
