<?xml version="1.0" encoding="UTF-8"?>
<!-- Generated by org.testng.reporters.JUnitReportReporter -->
<testsuite skipped="0" hostname="DESKTOP-M3E2BR1" name="sal79_campaign.SAL81AttachDocument" tests="1" failures="0" timestamp="2021-04-01T06:08:40 IST" time="35.457" errors="0">
  <testcase name="attachDoc" time="35.457" classname="sal79_campaign.SAL81AttachDocument"/>
  <system-out/>
</testsuite> <!-- sal79_campaign.SAL81AttachDocument -->
