<?xml version="1.0" encoding="UTF-8"?>
<!-- Generated by org.testng.reporters.JUnitReportReporter -->
<testsuite skipped="0" hostname="DESKTOP-M3E2BR1" name="automation.SAL59DwldPDF" tests="1" failures="0" timestamp="2021-03-20T12:53:58 IST" time="28.851" errors="0">
  <testcase name="downloadPDF" time="28.851" classname="automation.SAL59DwldPDF"/>
  <system-out/>
</testsuite> <!-- automation.SAL59DwldPDF -->
