<?xml version="1.0" encoding="UTF-8"?>
<!-- Generated by org.testng.reporters.JUnitReportReporter -->
<testsuite skipped="0" hostname="DESKTOP-M3E2BR1" name="dashboard.SAL19CreateDashboard" tests="1" failures="0" timestamp="2021-03-28T17:47:11 IST" time="20.671" errors="0">
  <testcase name="createDashB" time="20.671" classname="dashboard.SAL19CreateDashboard"/>
  <system-out/>
</testsuite> <!-- dashboard.SAL19CreateDashboard -->
