<?xml version="1.0" encoding="UTF-8"?>
<!-- Generated by org.testng.reporters.JUnitReportReporter -->
<testsuite skipped="0" hostname="DESKTOP-M3E2BR1" name="automation.SAL60CertificationsSortOrder" tests="1" failures="0" timestamp="2021-03-17T05:11:44 IST" time="16.184" errors="0">
  <testcase name="CertificationsSortOrder" time="16.184" classname="automation.SAL60CertificationsSortOrder"/>
  <system-out/>
</testsuite> <!-- automation.SAL60CertificationsSortOrder -->
