<?xml version="1.0" encoding="UTF-8"?>
<!-- Generated by org.testng.reporters.JUnitReportReporter -->
<testsuite skipped="0" hostname="DESKTOP-M3E2BR1" name="dustbin.ClassA" tests="2" failures="0" timestamp="2021-03-21T10:29:35 IST" time="0.022" errors="0">
  <testcase name="atTestA2" time="0.011" classname="dustbin.ClassA"/>
  <system-out/>
  <testcase name="atTestA1" time="0.011" classname="dustbin.ClassA"/>
  <system-out/>
</testsuite> <!-- dustbin.ClassA -->
