<?xml version="1.0" encoding="UTF-8"?>
<!-- Generated by org.testng.reporters.JUnitReportReporter -->
<testsuite skipped="0" hostname="DESKTOP-M3E2BR1" name="dashboard.SAL18SortDashborad" tests="1" failures="0" timestamp="2021-03-28T10:07:41 IST" time="12.014" errors="0">
  <testcase name="sortDashB" time="12.014" classname="dashboard.SAL18SortDashborad"/>
  <system-out/>
</testsuite> <!-- dashboard.SAL18SortDashborad -->
