<?xml version="1.0" encoding="UTF-8"?>
<!-- Generated by org.testng.reporters.JUnitReportReporter -->
<testsuite skipped="0" hostname="DESKTOP-M3E2BR1" name="testNGAttributes.CreateOpp" tests="2" failures="0" timestamp="2021-03-25T22:03:11 IST" time="38.343" errors="0">
  <testcase name="createOppurtunities" time="20.538" classname="testNGAttributes.CreateOpp"/>
  <system-out/>
  <testcase name="createOppurtunities" time="17.805" classname="testNGAttributes.CreateOpp"/>
  <system-out/>
</testsuite> <!-- testNGAttributes.CreateOpp -->
