<?xml version="1.0" encoding="UTF-8"?>
<!-- Generated by org.testng.reporters.JUnitReportReporter -->
<testsuite skipped="0" hostname="DESKTOP-M3E2BR1" name="opportunities.SAL2CreateOppurtunities" tests="1" failures="0" timestamp="2021-03-21T11:36:05 IST" time="22.252" errors="0">
  <testcase name="createOppurtunities" time="22.252" classname="opportunities.SAL2CreateOppurtunities"/>
  <system-out/>
</testsuite> <!-- opportunities.SAL2CreateOppurtunities -->
