<?xml version="1.0" encoding="UTF-8"?>
<!-- Generated by org.testng.reporters.JUnitReportReporter -->
<testsuite skipped="0" hostname="DESKTOP-M3E2BR1" name="week1.day2.SAL2CreateOppurtunities" tests="1" failures="0" timestamp="2021-03-07T22:09:41 IST" time="15.915" errors="0">
  <testcase name="createOppurtunities" time="15.915" classname="week1.day2.SAL2CreateOppurtunities"/>
  <system-out/>
</testsuite> <!-- week1.day2.SAL2CreateOppurtunities -->
