<?xml version="1.0" encoding="UTF-8"?>
<!-- Generated by org.testng.reporters.JUnitReportReporter -->
<testsuite skipped="0" hostname="DESKTOP-M3E2BR1" name="automation.SAL55ArchitectCertifications" tests="1" failures="0" timestamp="2021-03-14T07:50:53 IST" time="27.167" errors="0">
  <testcase name="architectCertifications" time="27.167" classname="automation.SAL55ArchitectCertifications"/>
  <system-out/>
</testsuite> <!-- automation.SAL55ArchitectCertifications -->
