<?xml version="1.0" encoding="UTF-8"?>
<!-- Generated by org.testng.reporters.JUnitReportReporter -->
<testsuite skipped="0" hostname="DESKTOP-M3E2BR1" name="sal18_dashboard.SAL19CreateDashboard" tests="1" failures="0" timestamp="2021-04-03T15:47:06 IST" time="21.505" errors="0">
  <testcase name="createDashB" time="21.505" classname="sal18_dashboard.SAL19CreateDashboard"/>
  <system-out/>
</testsuite> <!-- sal18_dashboard.SAL19CreateDashboard -->
