<?xml version="1.0" encoding="UTF-8"?>
<!-- Generated by org.testng.reporters.JUnitReportReporter -->
<testsuite skipped="0" hostname="DESKTOP-M3E2BR1" name="automation.SAL62ServicesSortorder" tests="1" failures="0" timestamp="2021-03-17T05:47:23 IST" time="15.737" errors="0">
  <testcase name="serviceSort" time="15.737" classname="automation.SAL62ServicesSortorder"/>
  <system-out/>
</testsuite> <!-- automation.SAL62ServicesSortorder -->
