<?xml version="1.0" encoding="UTF-8"?>
<!-- Generated by org.testng.reporters.JUnitReportReporter -->
<testsuite skipped="0" hostname="DESKTOP-M3E2BR1" name="campaign.SAL84CCreateNewOpportunity" tests="1" failures="0" timestamp="2021-03-28T09:58:02 IST" time="22.570" errors="0">
  <testcase name="createNewOpp" time="22.570" classname="campaign.SAL84CCreateNewOpportunity"/>
  <system-out/>
</testsuite> <!-- campaign.SAL84CCreateNewOpportunity -->
