<?xml version="1.0" encoding="UTF-8"?>
<!-- Generated by org.testng.reporters.JUnitReportReporter -->
<testsuite skipped="0" hostname="DESKTOP-M3E2BR1" name="opportunities.SAL2CreateOppurtunities" tests="4" failures="0" timestamp="2021-03-20T21:01:12 IST" time="70.131" errors="0">
  <testcase name="createOppurtunities" time="17.410" classname="opportunities.SAL2CreateOppurtunities"/>
  <system-out/>
  <testcase name="createOppurtunities" time="19.349" classname="opportunities.SAL2CreateOppurtunities"/>
  <system-out/>
  <testcase name="createOppurtunities" time="14.649" classname="opportunities.SAL2CreateOppurtunities"/>
  <system-out/>
  <testcase name="createOppurtunities" time="18.723" classname="opportunities.SAL2CreateOppurtunities"/>
  <system-out/>
</testsuite> <!-- opportunities.SAL2CreateOppurtunities -->
