<?xml version="1.0" encoding="UTF-8"?>
<!-- Generated by org.testng.reporters.JUnitReportReporter -->
<testsuite skipped="0" hostname="DESKTOP-M3E2BR1" name="assessment.Assessment0314" tests="1" failures="0" timestamp="2021-03-14T11:35:44 IST" time="15.248" errors="0">
  <testcase name="assessmentMe0314" time="15.248" classname="assessment.Assessment0314"/>
  <system-out/>
</testsuite> <!-- assessment.Assessment0314 -->
