<?xml version="1.0" encoding="UTF-8"?>
<!-- Generated by org.testng.reporters.JUnitReportReporter -->
<testsuite skipped="0" hostname="DESKTOP-M3E2BR1" name="dustbin.ClassB" tests="1" failures="0" timestamp="2021-03-21T10:29:35 IST" time="0.010" errors="0">
  <testcase name="atTestB1" time="0.010" classname="dustbin.ClassB"/>
  <system-out/>
</testsuite> <!-- dustbin.ClassB -->
