<?xml version="1.0" encoding="UTF-8"?>
<!-- Generated by org.testng.reporters.JUnitReportReporter -->
<testsuite skipped="0" hostname="DESKTOP-M3E2BR1" name="automation.SAL56BoardExamSchedule" tests="1" failures="0" timestamp="2021-03-14T08:19:29 IST" time="28.895" errors="0">
  <testcase name="boardExamSchedule" time="28.895" classname="automation.SAL56BoardExamSchedule"/>
  <system-out/>
</testsuite> <!-- automation.SAL56BoardExamSchedule -->
