<?xml version="1.0" encoding="UTF-8"?>
<!-- Generated by org.testng.reporters.JUnitReportReporter -->
<testsuite skipped="0" hostname="DESKTOP-M3E2BR1" name="opportunities.clickDates" tests="1" failures="0" timestamp="2021-03-10T06:09:15 IST" time="11.059" errors="0">
  <testcase name="datePicker" time="11.059" classname="opportunities.clickDates"/>
  <system-out/>
</testsuite> <!-- opportunities.clickDates -->
