<?xml version="1.0" encoding="UTF-8"?>
<!-- Generated by org.testng.reporters.JUnitReportReporter -->
<testsuite skipped="0" hostname="DESKTOP-M3E2BR1" name="sal18_dashboard.SAL22SortDashborad" tests="1" failures="0" timestamp="2021-04-04T20:18:50 IST" time="24.574" errors="0">
  <testcase name="sortDashB" time="24.574" classname="sal18_dashboard.SAL22SortDashborad"/>
  <system-out/>
</testsuite> <!-- sal18_dashboard.SAL22SortDashborad -->
