<?xml version="1.0" encoding="UTF-8"?>
<!-- Generated by org.testng.reporters.JUnitReportReporter -->
<testsuite skipped="0" hostname="DESKTOP-M3E2BR1" name="sal1_opportunities.SAL3EditOppurtinities" tests="1" failures="0" timestamp="2021-04-03T21:25:02 IST" time="24.325" errors="0">
  <testcase name="editOppurtunities" time="24.325" classname="sal1_opportunities.SAL3EditOppurtinities"/>
  <system-out/>
</testsuite> <!-- sal1_opportunities.SAL3EditOppurtinities -->
