<?xml version="1.0" encoding="UTF-8"?>
<!-- Generated by org.testng.reporters.JUnitReportReporter -->
<testsuite skipped="0" hostname="DESKTOP-M3E2BR1" name="automation.SAL54AdministratorCertifications" tests="1" failures="0" timestamp="2021-03-23T22:05:52 IST" time="30.128" errors="0">
  <testcase name="administratorCertifications" time="30.128" classname="automation.SAL54AdministratorCertifications"/>
  <system-out/>
</testsuite> <!-- automation.SAL54AdministratorCertifications -->
