<?xml version="1.0" encoding="UTF-8"?>
<!-- Generated by org.testng.reporters.JUnitReportReporter -->
<testsuite skipped="0" hostname="DESKTOP-M3E2BR1" name="dustbin.DownloadFile" tests="1" failures="0" timestamp="2021-04-25T21:40:02 IST" time="2.989" errors="0">
  <testcase name="downloadAFile" time="2.989" classname="dustbin.DownloadFile"/>
  <system-out/>
</testsuite> <!-- dustbin.DownloadFile -->
